{
  "RSpec": {
    "coverage": {
      "/Library/WebServer/rails_apps/todo_app/config/environment.rb": [
        null,
        1,
        null,
        null,
        1
      ],
      "/Library/WebServer/rails_apps/todo_app/config/application.rb": [
        1,
        null,
        1,
        null,
        null,
        null,
        1,
        null,
        1,
        1,
        null,
        null,
        null,
        null,
        null,
        null,
        null,
        null,
        null,
        null,
        null,
        null,
        null
      ],
      "/Library/WebServer/rails_apps/todo_app/config/boot.rb": [
        null,
        1,
        null,
        1
      ],
      "/Library/WebServer/rails_apps/todo_app/config/environments/test.rb": [
        1,
        null,
        null,
        null,
        null,
        null,
        null,
        1,
        null,
        null,
        null,
        null,
        1,
        null,
        null,
        1,
        1,
        null,
        null,
        1,
        1,
        null,
        null,
        1,
        null,
        null,
        1,
        null,
        null,
        null,
        null,
        1,
        null,
        null,
        1,
        null,
        null,
        null,
        null
      ],
      "/Library/WebServer/rails_apps/todo_app/config/initializers/backtrace_silencers.rb": [
        null,
        null,
        null,
        null,
        null,
        null,
        null
      ],
      "/Library/WebServer/rails_apps/todo_app/config/initializers/cookies_serializer.rb": [
        null,
        null,
        1
      ],
      "/Library/WebServer/rails_apps/todo_app/config/initializers/filter_parameter_logging.rb": [
        null,
        null,
        null,
        1
      ],
      "/Library/WebServer/rails_apps/todo_app/config/initializers/inflections.rb": [
        null,
        null,
        null,
        null,
        null,
        null,
        null,
        null,
        null,
        null,
        null,
        null,
        null,
        null,
        null,
        null
      ],
      "/Library/WebServer/rails_apps/todo_app/config/initializers/mime_types.rb": [
        null,
        null,
        null,
        null
      ],
      "/Library/WebServer/rails_apps/todo_app/config/initializers/session_store.rb": [
        null,
        null,
        1
      ],
      "/Library/WebServer/rails_apps/todo_app/config/initializers/wrap_parameters.rb": [
        null,
        null,
        null,
        null,
        null,
        null,
        1,
        1,
        null,
        null,
        null,
        null,
        null,
        null
      ],
      "/Library/WebServer/rails_apps/todo_app/spec/factories/item_types.rb": [
        1,
        1,
        10,
        null,
        null
      ],
      "/Library/WebServer/rails_apps/todo_app/spec/factories/items.rb": [
        1,
        1,
        10,
        1,
        null,
        null
      ],
      "/Library/WebServer/rails_apps/todo_app/config/routes.rb": [
        1,
        1,
        1,
        1,
        1,
        null,
        null,
        null
      ],
      "/Library/WebServer/rails_apps/todo_app/app/helpers/application_helper.rb": [
        1,
        null
      ],
      "/Library/WebServer/rails_apps/todo_app/spec/models/item_spec.rb": [
        1,
        1,
        4,
        null,
        1,
        2,
        null,
        null,
        1,
        2,
        2,
        null,
        null,
        null
      ],
      "/Library/WebServer/rails_apps/todo_app/app/models/item.rb": [
        1,
        1,
        null,
        1,
        1,
        null
      ],
      "/Library/WebServer/rails_apps/todo_app/spec/models/item_type_spec.rb": [
        1,
        1,
        3,
        null,
        1,
        2,
        null,
        null,
        1,
        2,
        null,
        null,
        null,
        1,
        3,
        3,
        3,
        3,
        3,
        null,
        2,
        2,
        null,
        null
      ],
      "/Library/WebServer/rails_apps/todo_app/app/models/item_type.rb": [
        1,
        1,
        null,
        1,
        null,
        1,
        2,
        null,
        null
      ]
    },
    "timestamp": 1411256746
  }
}
